<?xml version="1.0" encoding="UTF-8"?>
<robot generator="Robot 7.0 (Python 3.12.2 on win32)" generated="2024-07-16T15:58:05.176223" rpa="false" schemaversion="5">
<suite id="s1" name="TestCases" source="C:\Users\ASUS\Desktop\PilotProject_Cyclos_Team1-1\TestCases">
<suite id="s1-s1" name="test addUserToContact" source="C:\Users\ASUS\Desktop\PilotProject_Cyclos_Team1-1\TestCases\test_addUserToContact.robot">
<test id="s1-s1-t1" name="Validate add to contact in Business Directory functionality" line="16">
<kw name="Open the Browser with URL" owner="GenericResource" type="SETUP">
<kw name="Create Webdriver" owner="SeleniumLibrary">
<msg time="2024-07-16T15:58:08.910934" level="INFO">Creating an instance of the Chrome WebDriver.</msg>
<arg>${brower_name}</arg>
<doc>Creates an instance of Selenium WebDriver.</doc>
<status status="PASS" start="2024-07-16T15:58:08.909934" elapsed="2.494724"/>
</kw>
<kw name="Go To" owner="SeleniumLibrary">
<msg time="2024-07-16T15:58:11.405658" level="INFO">Opening url 'https://demo.cyclos.org/ui/home'</msg>
<arg>${url}</arg>
<doc>Navigates the current browser window to the provided ``url``.</doc>
<status status="PASS" start="2024-07-16T15:58:11.405658" elapsed="2.799030"/>
</kw>
<kw name="Maximize Browser Window" owner="SeleniumLibrary">
<doc>Maximizes current browser window.</doc>
<status status="PASS" start="2024-07-16T15:58:14.206051" elapsed="0.060084"/>
</kw>
<kw name="Set Selenium Implicit Wait" owner="SeleniumLibrary">
<arg>5</arg>
<doc>Sets the implicit wait value used by Selenium.</doc>
<status status="PASS" start="2024-07-16T15:58:14.267135" elapsed="0.002000"/>
</kw>
<status status="PASS" start="2024-07-16T15:58:08.908934" elapsed="5.360201"/>
</kw>
<kw name="To Validate the add to contact in Business Directory functionality">
<kw name="Go to Login Page" owner="HomeResource">
<kw name="Wait Until Element Is Visible" owner="SeleniumLibrary">
<arg>${login_btn}</arg>
<doc>Waits until the element ``locator`` is visible.</doc>
<status status="PASS" start="2024-07-16T15:58:14.270135" elapsed="2.241858"/>
</kw>
<kw name="Click Element" owner="SeleniumLibrary">
<msg time="2024-07-16T15:58:16.513117" level="INFO">Clicking element 'xpath:(//div[@class="ml-2"])[3]'.</msg>
<arg>${login_btn}</arg>
<doc>Click the element identified by ``locator``.</doc>
<status status="PASS" start="2024-07-16T15:58:16.511993" elapsed="0.121288"/>
</kw>
<status status="PASS" start="2024-07-16T15:58:14.270135" elapsed="2.363146"/>
</kw>
<kw name="Fill the login form" owner="LoginResource">
<kw name="Input Text" owner="SeleniumLibrary">
<msg time="2024-07-16T15:58:16.634774" level="INFO">Typing text 'dharun' into text field 'css:input[placeholder="User"]'.</msg>
<arg>${username}</arg>
<arg>${user}</arg>
<doc>Types the given ``text`` into the text field identified by ``locator``.</doc>
<status status="PASS" start="2024-07-16T15:58:16.634774" elapsed="0.159508"/>
</kw>
<kw name="Input Password" owner="SeleniumLibrary">
<msg time="2024-07-16T15:58:16.794282" level="INFO">Typing password into text field 'css:input[placeholder="Password"]'.</msg>
<msg time="2024-07-16T15:58:16.829874" level="INFO">Temporally setting log level to: NONE</msg>
<arg>${password}</arg>
<arg>${pass}</arg>
<doc>Types the given password into the text field identified by ``locator``.</doc>
<status status="PASS" start="2024-07-16T15:58:16.794282" elapsed="0.108356"/>
</kw>
<arg>dharun</arg>
<arg>1234</arg>
<status status="PASS" start="2024-07-16T15:58:16.633281" elapsed="0.269357"/>
</kw>
<kw name="click the login button" owner="LoginResource">
<kw name="Click Button" owner="SeleniumLibrary">
<msg time="2024-07-16T15:58:16.905928" level="INFO">Clicking button 'xpath://button[@class="btn d-flex justify-content-center align-items-center w-100 h-100 btn-primary btn-action-primary"]'.</msg>
<arg>${submit_btn}</arg>
<doc>Clicks the button identified by ``locator``.</doc>
<status status="PASS" start="2024-07-16T15:58:16.903642" elapsed="0.160496"/>
</kw>
<status status="PASS" start="2024-07-16T15:58:16.902638" elapsed="0.161500"/>
</kw>
<kw name="Click the Marketplace Option" owner="HomeResource">
<kw name="Wait Until Element Is Visible" owner="SeleniumLibrary">
<arg>${Marketplace_Xpath}</arg>
<doc>Waits until the element ``locator`` is visible.</doc>
<status status="PASS" start="2024-07-16T15:58:17.065142" elapsed="0.823724"/>
</kw>
<kw name="Click Element" owner="SeleniumLibrary">
<msg time="2024-07-16T15:58:17.889946" level="INFO">Clicking element 'xpath://a[@id='menu_marketplace']'.</msg>
<arg>${Marketplace_Xpath}</arg>
<doc>Click the element identified by ``locator``.</doc>
<status status="PASS" start="2024-07-16T15:58:17.888866" elapsed="0.061957"/>
</kw>
<status status="PASS" start="2024-07-16T15:58:17.065142" elapsed="0.885681"/>
</kw>
<kw name="Verify the Marketplace page is displayed" owner="HomeResource">
<kw name="Element Text Should Be" owner="SeleniumLibrary">
<msg time="2024-07-16T15:58:17.952258" level="INFO">Verifying element 'xpath://div[@class='side-menu-title' and text()=' Marketplace ']' contains exact text 'Marketplace'.</msg>
<arg>${Marketplace_page_verify}</arg>
<arg>${Marketplace_page_keyword}</arg>
<doc>Verifies that element ``locator`` contains exact the text ``expected``.</doc>
<status status="PASS" start="2024-07-16T15:58:17.950823" elapsed="1.533264"/>
</kw>
<status status="PASS" start="2024-07-16T15:58:17.950823" elapsed="1.533264"/>
</kw>
<kw name="Select the option business directory" owner="BusinessDirectoryResource">
<kw name="Wait Until Element Is Visible" owner="SeleniumLibrary">
<arg>${business_dir}</arg>
<doc>Waits until the element ``locator`` is visible.</doc>
<status status="PASS" start="2024-07-16T15:58:19.486089" elapsed="0.027254"/>
</kw>
<kw name="Click Element" owner="SeleniumLibrary">
<msg time="2024-07-16T15:58:19.514344" level="INFO">Clicking element 'xpath:(//nav[@class='navbar d-flex flex-column align-items-stretch']//a/div)[1]'.</msg>
<arg>${business_dir}</arg>
<doc>Click the element identified by ``locator``.</doc>
<status status="PASS" start="2024-07-16T15:58:19.514344" elapsed="0.084876"/>
</kw>
<status status="PASS" start="2024-07-16T15:58:19.484087" elapsed="0.115133"/>
</kw>
<kw name="verify the business directory page open" owner="BusinessDirectoryResource">
<kw name="Element Text Should Be" owner="SeleniumLibrary">
<msg time="2024-07-16T15:58:19.601708" level="INFO">Verifying element 'xpath://div[text()=' Business directory ']' contains exact text 'Business directory'.</msg>
<arg>${business_dir_title}</arg>
<arg>${business_dir_title_verify}</arg>
<doc>Verifies that element ``locator`` contains exact the text ``expected``.</doc>
<status status="PASS" start="2024-07-16T15:58:19.600705" elapsed="0.676053"/>
</kw>
<status status="PASS" start="2024-07-16T15:58:19.599220" elapsed="0.677538"/>
</kw>
<kw name="Enter the key in keyword field" owner="BusinessDirectoryResource">
<kw name="Input Text" owner="SeleniumLibrary">
<msg time="2024-07-16T15:58:20.277757" level="INFO">Typing text 'shop' into text field 'xpath://div[@class='d-flex label-value-value']/input'.</msg>
<arg>${input_key}</arg>
<arg>${keyword}</arg>
<doc>Types the given ``text`` into the text field identified by ``locator``.</doc>
<status status="PASS" start="2024-07-16T15:58:20.277757" elapsed="0.152195"/>
</kw>
<arg>${valid_keyword}</arg>
<status status="PASS" start="2024-07-16T15:58:20.276758" elapsed="0.153194"/>
</kw>
<kw name="Add user to Contact" owner="BusinessDirectoryResource">
<kw name="Wait Until Element Is Visible" owner="SeleniumLibrary">
<arg>${contact}</arg>
<doc>Waits until the element ``locator`` is visible.</doc>
<status status="PASS" start="2024-07-16T15:58:20.431253" elapsed="0.268078"/>
</kw>
<kw name="Click Element" owner="SeleniumLibrary">
<msg time="2024-07-16T15:58:20.699331" level="INFO">Clicking element 'xpath:(//div[@class='row tiled-results']//a)[3]'.</msg>
<msg time="2024-07-16T15:58:21.078532" level="INFO" html="true">&lt;/td&gt;&lt;/tr&gt;&lt;tr&gt;&lt;td colspan="3"&gt;&lt;a href="selenium-screenshot-1.png"&gt;&lt;img src="selenium-screenshot-1.png" width="800px"&gt;&lt;/a&gt;</msg>
<msg time="2024-07-16T15:58:21.079538" level="FAIL">StaleElementReferenceException: Message: stale element reference: stale element not found in the current frame
  (Session info: chrome=126.0.6478.127); For documentation on this error, please visit: https://www.selenium.dev/documentation/webdriver/troubleshooting/errors#stale-element-reference-exception
Stacktrace:
	GetHandleVerifier [0x00007FF74D95EEA2+31554]
	(No symbol) [0x00007FF74D8D7ED9]
	(No symbol) [0x00007FF74D79872A]
	(No symbol) [0x00007FF74D79E55E]
	(No symbol) [0x00007FF74D7A0EB1]
	(No symbol) [0x00007FF74D7A0F50]
	(No symbol) [0x00007FF74D7EA804]
	(No symbol) [0x00007FF74D7E96AA]
	(No symbol) [0x00007FF74D7DC151]
	(No symbol) [0x00007FF74D80D02A]
	(No symbol) [0x00007FF74D7DBA76]
	(No symbol) [0x00007FF74D80D240]
	(No symbol) [0x00007FF74D82C977]
	(No symbol) [0x00007FF74D80CDD3]
	(No symbol) [0x00007FF74D7DA33B]
	(No symbol) [0x00007FF74D7DAED1]
	GetHandleVerifier [0x00007FF74DC68B1D+3217341]
	GetHandleVerifier [0x00007FF74DCB5AE3+3532675]
	GetHandleVerifier [0x00007FF74DCAB0E0+3489152]
	GetHandleVerifier [0x00007FF74DA0E776+750614]
	(No symbol) [0x00007FF74D8E375F]
	(No symbol) [0x00007FF74D8DEB14]
	(No symbol) [0x00007FF74D8DECA2]
	(No symbol) [0x00007FF74D8CE16F]
	BaseThreadInitThunk [0x00007FFFACEC257D+29]
	RtlUserThreadStart [0x00007FFFAE00AA48+40]
</msg>
<arg>${contact}</arg>
<doc>Click the element identified by ``locator``.</doc>
<status status="FAIL" start="2024-07-16T15:58:20.699331" elapsed="0.383361">StaleElementReferenceException: Message: stale element reference: stale element not found in the current frame
  (Session info: chrome=126.0.6478.127); For documentation on this error, please visit: https://www.selenium.dev/documentation/webdriver/troubleshooting/errors#stale-element-reference-exception
Stacktrace:
	GetHandleVerifier [0x00007FF74D95EEA2+31554]
	(No symbol) [0x00007FF74D8D7ED9]
	(No symbol) [0x00007FF74D79872A]
	(No symbol) [0x00007FF74D79E55E]
	(No symbol) [0x00007FF74D7A0EB1]
	(No symbol) [0x00007FF74D7A0F50]
	(No symbol) [0x00007FF74D7EA804]
	(No symbol) [0x00007FF74D7E96AA]
	(No symbol) [0x00007FF74D7DC151]
	(No symbol) [0x00007FF74D80D02A]
	(No symbol) [0x00007FF74D7DBA76]
	(No symbol) [0x00007FF74D80D240]
	(No symbol) [0x00007FF74D82C977]
	(No symbol) [0x00007FF74D80CDD3]
	(No symbol) [0x00007FF74D7DA33B]
	(No symbol) [0x00007FF74D7DAED1]
	GetHandleVerifier [0x00007FF74DC68B1D+3217341]
	GetHandleVerifier [0x00007FF74DCB5AE3+3532675]
	GetHandleVerifier [0x00007FF74DCAB0E0+3489152]
	GetHandleVerifier [0x00007FF74DA0E776+750614]
	(No symbol) [0x00007FF74D8E375F]
	(No symbol) [0x00007FF74D8DEB14]
	(No symbol) [0x00007FF74D8DECA2]
	(No symbol) [0x00007FF74D8CE16F]
	BaseThreadInitThunk [0x00007FFFACEC257D+29]
	RtlUserThreadStart [0x00007FFFAE00AA48+40]
</status>
</kw>
<kw name="Wait Until Element Is Visible" owner="SeleniumLibrary">
<arg>${add_to_contact}</arg>
<doc>Waits until the element ``locator`` is visible.</doc>
<status status="NOT RUN" start="2024-07-16T15:58:21.082692" elapsed="0.000000"/>
</kw>
<kw name="Click Element" owner="SeleniumLibrary">
<arg>${add_to_contact}</arg>
<doc>Click the element identified by ``locator``.</doc>
<status status="NOT RUN" start="2024-07-16T15:58:21.084973" elapsed="0.000000"/>
</kw>
<status status="FAIL" start="2024-07-16T15:58:20.431253" elapsed="0.654728">StaleElementReferenceException: Message: stale element reference: stale element not found in the current frame
  (Session info: chrome=126.0.6478.127); For documentation on this error, please visit: https://www.selenium.dev/documentation/webdriver/troubleshooting/errors#stale-element-reference-exception
Stacktrace:
	GetHandleVerifier [0x00007FF74D95EEA2+31554]
	(No symbol) [0x00007FF74D8D7ED9]
	(No symbol) [0x00007FF74D79872A]
	(No symbol) [0x00007FF74D79E55E]
	(No symbol) [0x00007FF74D7A0EB1]
	(No symbol) [0x00007FF74D7A0F50]
	(No symbol) [0x00007FF74D7EA804]
	(No symbol) [0x00007FF74D7E96AA]
	(No symbol) [0x00007FF74D7DC151]
	(No symbol) [0x00007FF74D80D02A]
	(No symbol) [0x00007FF74D7DBA76]
	(No symbol) [0x00007FF74D80D240]
	(No symbol) [0x00007FF74D82C977]
	(No symbol) [0x00007FF74D80CDD3]
	(No symbol) [0x00007FF74D7DA33B]
	(No symbol) [0x00007FF74D7DAED1]
	GetHandleVerifier [0x00007FF74DC68B1D+3217341]
	GetHandleVerifier [0x00007FF74DCB5AE3+3532675]
	GetHandleVerifier [0x00007FF74DCAB0E0+3489152]
	GetHandleVerifier [0x00007FF74DA0E776+750614]
	(No symbol) [0x00007FF74D8E375F]
	(No symbol) [0x00007FF74D8DEB14]
	(No symbol) [0x00007FF74D8DECA2]
	(No symbol) [0x00007FF74D8CE16F]
	BaseThreadInitThunk [0x00007FFFACEC257D+29]
	RtlUserThreadStart [0x00007FFFAE00AA48+40]
</status>
</kw>
<kw name="Verify the contact is added" owner="BusinessDirectoryResource">
<status status="NOT RUN" start="2024-07-16T15:58:21.085981" elapsed="0.000000"/>
</kw>
<arg>valid_keyword=shop</arg>
<tag>regression</tag>
<doc>This checks the add to contact in Business Directory functionality</doc>
<status status="FAIL" start="2024-07-16T15:58:14.269135" elapsed="6.816846">StaleElementReferenceException: Message: stale element reference: stale element not found in the current frame
  (Session info: chrome=126.0.6478.127); For documentation on this error, please visit: https://www.selenium.dev/documentation/webdriver/troubleshooting/errors#stale-element-reference-exception
Stacktrace:
	GetHandleVerifier [0x00007FF74D95EEA2+31554]
	(No symbol) [0x00007FF74D8D7ED9]
	(No symbol) [0x00007FF74D79872A]
	(No symbol) [0x00007FF74D79E55E]
	(No symbol) [0x00007FF74D7A0EB1]
	(No symbol) [0x00007FF74D7A0F50]
	(No symbol) [0x00007FF74D7EA804]
	(No symbol) [0x00007FF74D7E96AA]
	(No symbol) [0x00007FF74D7DC151]
	(No symbol) [0x00007FF74D80D02A]
	(No symbol) [0x00007FF74D7DBA76]
	(No symbol) [0x00007FF74D80D240]
	(No symbol) [0x00007FF74D82C977]
	(No symbol) [0x00007FF74D80CDD3]
	(No symbol) [0x00007FF74D7DA33B]
	(No symbol) [0x00007FF74D7DAED1]
	GetHandleVerifier [0x00007FF74DC68B1D+3217341]
	GetHandleVerifier [0x00007FF74DCB5AE3+3532675]
	GetHandleVerifier [0x00007FF74DCAB0E0+3489152]
	GetHandleVerifier [0x00007FF74DA0E776+750614]
	(No symbol) [0x00007FF74D8E375F]
	(No symbol) [0x00007FF74D8DEB14]
	(No symbol) [0x00007FF74D8DECA2]
	(No symbol) [0x00007FF74D8CE16F]
	BaseThreadInitThunk [0x00007FFFACEC257D+29]
	RtlUserThreadStart [0x00007FFFAE00AA48+40]
</status>
</kw>
<kw name="Close Browser Session" owner="GenericResource" type="TEARDOWN">
<kw name="Close Browser" owner="SeleniumLibrary">
<doc>Closes the current browser.</doc>
<status status="PASS" start="2024-07-16T15:58:21.086981" elapsed="5.520914"/>
</kw>
<status status="PASS" start="2024-07-16T15:58:21.086981" elapsed="5.520914"/>
</kw>
<tag>regression</tag>
<status status="FAIL" start="2024-07-16T15:58:08.905931" elapsed="17.701964">StaleElementReferenceException: Message: stale element reference: stale element not found in the current frame
  (Session info: chrome=126.0.6478.127); For documentation on this error, please visit: https://www.selenium.dev/documentation/webdriver/troubleshooting/errors#stale-element-reference-exception
Stacktrace:
	GetHandleVerifier [0x00007FF74D95EEA2+31554]
	(No symbol) [0x00007FF74D8D7ED9]
	(No symbol) [0x00007FF74D79872A]
	(No symbol) [0x00007FF74D79E55E]
	(No symbol) [0x00007FF74D7A0EB1]
	(No symbol) [0x00007FF74D7A0F50]
	(No symbol) [0x00007FF74D7EA804]
	(No symbol) [0x00007FF74D7E96AA]
	(No symbol) [0x00007FF74D7DC151]
	(No symbol) [0x00007FF74D80D02A]
	(No symbol) [0x00007FF74D7DBA76]
	(No symbol) [0x00007FF74D80D240]
	(No symbol) [0x00007FF74D82C977]
	(No symbol) [0x00007FF74D80CDD3]
	(No symbol) [0x00007FF74D7DA33B]
	(No symbol) [0x00007FF74D7DAED1]
	GetHandleVerifier [0x00007FF74DC68B1D+3217341]
	GetHandleVerifier [0x00007FF74DCB5AE3+3532675]
	GetHandleVerifier [0x00007FF74DCAB0E0+3489152]
	GetHandleVerifier [0x00007FF74DA0E776+750614]
	(No symbol) [0x00007FF74D8E375F]
	(No symbol) [0x00007FF74D8DEB14]
	(No symbol) [0x00007FF74D8DECA2]
	(No symbol) [0x00007FF74D8CE16F]
	BaseThreadInitThunk [0x00007FFFACEC257D+29]
	RtlUserThreadStart [0x00007FFFAE00AA48+40]
</status>
</test>
<doc>This checks the Business Directory functionality</doc>
<status status="FAIL" start="2024-07-16T15:58:05.209056" elapsed="21.400120"/>
</suite>
<status status="FAIL" start="2024-07-16T15:58:05.192135" elapsed="21.419045"/>
</suite>
<statistics>
<total>
<stat pass="0" fail="1" skip="0">All Tests</stat>
</total>
<tag>
<stat pass="0" fail="1" skip="0">regression</stat>
</tag>
<suite>
<stat pass="0" fail="1" skip="0" id="s1" name="TestCases">TestCases</stat>
<stat pass="0" fail="1" skip="0" id="s1-s1" name="test addUserToContact">TestCases.test addUserToContact</stat>
</suite>
</statistics>
<errors>
</errors>
</robot>
